1761223533848:help
1761223545745:book create
1761223589089:book create --title test --authorId 1 --genreId 1
1761223598765:book list
1761223623587:ref authors
1761223628600:ref genres
1761224104101:help
1761301643520:book create
1761302215819:help
1761302237081:comment list
1761302245578:comment list --bookid=1
1761302256604:comment list --bookid 1
1761302266597:comment list --bookId 1
1761303753653:book list
1761565850930:help
1761565856368:book list
1761565870634:book create
1761565870641:d
1761565874784:book create
1761565889672:book create --genreId 1 --authorId 1 --title test book
1761565894487:book list
1761566777253:help
1761566781858:book list
1761566783986:1
1761566786038:book
1761566787646:help
1761566792561:book delete 1
1761567382976:book list
1761567387381:comment list
1761567395959:comment list --bookId 1
1761567416971:book delete -bookId 1
1761567428916:book delete --id 1
1761567434703:book list
1761567442381:book delete -id 2 3
1761567449188:book delete --id 2 3
1761567451726:book ist
1761567454023:book list
